2025-05-26 01:59:49 [restartedMain] INFO  c.e.n.NonIsothermicalFlowApplication - Starting NonIsothermicalFlowApplication using Java 23.0.2 with PID 8852 (C:\Users\priva\Desktop\NonIsothermicalFlow\build\classes\java\main started by priva in C:\Users\priva\Desktop\NonIsothermicalFlow)
2025-05-26 01:59:49 [restartedMain] DEBUG c.e.n.NonIsothermicalFlowApplication - Running with Spring Boot v3.2.3, Spring v6.1.4
2025-05-26 01:59:49 [restartedMain] INFO  c.e.n.NonIsothermicalFlowApplication - No active profile set, falling back to 1 default profile: "default"
2025-05-26 01:59:49 [restartedMain] INFO  o.s.b.d.e.DevToolsPropertyDefaultsPostProcessor - Devtools property defaults active! Set 'spring.devtools.add-properties' to 'false' to disable
2025-05-26 01:59:49 [restartedMain] INFO  o.s.b.d.e.DevToolsPropertyDefaultsPostProcessor - For additional web related logging consider setting the 'logging.level.web' property to 'DEBUG'
2025-05-26 01:59:49 [restartedMain] INFO  o.s.b.d.c.l.DockerComposeLifecycleManager - Using Docker Compose file 'C:\Users\priva\Desktop\NonIsothermicalFlow\docker-compose.yml'
2025-05-26 01:59:50 [restartedMain] INFO  o.s.b.d.c.l.DockerComposeLifecycleManager - There are already Docker Compose services running, skipping startup
2025-05-26 01:59:50 [restartedMain] ERROR o.s.boot.SpringApplication - Application run failed
java.lang.IllegalStateException: No host port mapping found for container port 5432
	at org.springframework.util.Assert.state(Assert.java:76)
	at org.springframework.boot.docker.compose.core.DefaultConnectionPorts.get(DefaultConnectionPorts.java:100)
	at org.springframework.boot.docker.compose.service.connection.jdbc.JdbcUrlBuilder.urlFor(JdbcUrlBuilder.java:73)
	at org.springframework.boot.docker.compose.service.connection.jdbc.JdbcUrlBuilder.build(JdbcUrlBuilder.java:66)
	at org.springframework.boot.docker.compose.service.connection.postgres.PostgresJdbcDockerComposeConnectionDetailsFactory$PostgresJdbcDockerComposeConnectionDetails.<init>(PostgresJdbcDockerComposeConnectionDetailsFactory.java:60)
	at org.springframework.boot.docker.compose.service.connection.postgres.PostgresJdbcDockerComposeConnectionDetailsFactory.getDockerComposeConnectionDetails(PostgresJdbcDockerComposeConnectionDetailsFactory.java:42)
	at org.springframework.boot.docker.compose.service.connection.postgres.PostgresJdbcDockerComposeConnectionDetailsFactory.getDockerComposeConnectionDetails(PostgresJdbcDockerComposeConnectionDetailsFactory.java:33)
	at org.springframework.boot.docker.compose.service.connection.DockerComposeConnectionDetailsFactory.getConnectionDetails(DockerComposeConnectionDetailsFactory.java:80)
	at org.springframework.boot.docker.compose.service.connection.DockerComposeConnectionDetailsFactory.getConnectionDetails(DockerComposeConnectionDetailsFactory.java:41)
	at org.springframework.boot.autoconfigure.service.connection.ConnectionDetailsFactories.getConnectionDetails(ConnectionDetailsFactories.java:80)
	at org.springframework.boot.docker.compose.service.connection.DockerComposeServiceConnectionsApplicationListener.registerConnectionDetails(DockerComposeServiceConnectionsApplicationListener.java:68)
	at org.springframework.boot.docker.compose.service.connection.DockerComposeServiceConnectionsApplicationListener.onApplicationEvent(DockerComposeServiceConnectionsApplicationListener.java:61)
	at org.springframework.boot.docker.compose.service.connection.DockerComposeServiceConnectionsApplicationListener.onApplicationEvent(DockerComposeServiceConnectionsApplicationListener.java:44)
	at org.springframework.context.event.SimpleApplicationEventMulticaster.doInvokeListener(SimpleApplicationEventMulticaster.java:185)
	at org.springframework.context.event.SimpleApplicationEventMulticaster.invokeListener(SimpleApplicationEventMulticaster.java:178)
	at org.springframework.context.event.SimpleApplicationEventMulticaster.multicastEvent(SimpleApplicationEventMulticaster.java:156)
	at org.springframework.context.event.SimpleApplicationEventMulticaster.multicastEvent(SimpleApplicationEventMulticaster.java:138)
	at org.springframework.boot.docker.compose.lifecycle.DockerComposeLifecycleManager.publishEvent(DockerComposeLifecycleManager.java:169)
	at org.springframework.boot.docker.compose.lifecycle.DockerComposeLifecycleManager.start(DockerComposeLifecycleManager.java:141)
	at org.springframework.boot.docker.compose.lifecycle.DockerComposeListener.onApplicationEvent(DockerComposeListener.java:53)
	at org.springframework.boot.docker.compose.lifecycle.DockerComposeListener.onApplicationEvent(DockerComposeListener.java:35)
	at org.springframework.context.event.SimpleApplicationEventMulticaster.doInvokeListener(SimpleApplicationEventMulticaster.java:185)
	at org.springframework.context.event.SimpleApplicationEventMulticaster.invokeListener(SimpleApplicationEventMulticaster.java:178)
	at org.springframework.context.event.SimpleApplicationEventMulticaster.multicastEvent(SimpleApplicationEventMulticaster.java:156)
	at org.springframework.context.event.SimpleApplicationEventMulticaster.multicastEvent(SimpleApplicationEventMulticaster.java:138)
	at org.springframework.boot.context.event.EventPublishingRunListener.multicastInitialEvent(EventPublishingRunListener.java:136)
	at org.springframework.boot.context.event.EventPublishingRunListener.contextLoaded(EventPublishingRunListener.java:98)
	at org.springframework.boot.SpringApplicationRunListeners.lambda$contextLoaded$4(SpringApplicationRunListeners.java:72)
	at java.base/java.lang.Iterable.forEach(Iterable.java:75)
	at org.springframework.boot.SpringApplicationRunListeners.doWithListeners(SpringApplicationRunListeners.java:118)
	at org.springframework.boot.SpringApplicationRunListeners.doWithListeners(SpringApplicationRunListeners.java:112)
	at org.springframework.boot.SpringApplicationRunListeners.contextLoaded(SpringApplicationRunListeners.java:72)
	at org.springframework.boot.SpringApplication.prepareContext(SpringApplication.java:432)
	at org.springframework.boot.SpringApplication.run(SpringApplication.java:333)
	at org.springframework.boot.SpringApplication.run(SpringApplication.java:1354)
	at org.springframework.boot.SpringApplication.run(SpringApplication.java:1343)
	at com.example.nonisothermicalflow.NonIsothermicalFlowApplication.main(NonIsothermicalFlowApplication.java:10)
	at java.base/jdk.internal.reflect.DirectMethodHandleAccessor.invoke(DirectMethodHandleAccessor.java:103)
	at java.base/java.lang.reflect.Method.invoke(Method.java:580)
	at org.springframework.boot.devtools.restart.RestartLauncher.run(RestartLauncher.java:50)
